2023-04-02 22:54:24.290691 - Initialized conversion of CBT242
2023-04-02 22:54:24.866262 - Received CBT.V504.FILE242.PDS from FILE242.XMI 
2023-04-02 22:54:24.867769 - Found @ACCDSCT.bin containing application/octet-stream, moved to PDS/@ACCDSCT
2023-04-02 22:54:24.869238 - Found @ACEE.bin containing application/octet-stream, moved to PDS/@ACEE
2023-04-02 22:54:24.870443 - Found @ACEEDSC.bin containing application/octet-stream, moved to PDS/@ACEEDSC
2023-04-02 22:54:24.871674 - Found @ACEROD.bin containing application/octet-stream, moved to PDS/@ACEROD
2023-04-02 22:54:24.872737 - Found @ACERWD.bin containing application/octet-stream, moved to PDS/@ACERWD
2023-04-02 22:54:24.873864 - Found @ACHKLIS.bin containing application/octet-stream, moved to PDS/@ACHKLIS
2023-04-02 22:54:24.875044 - Found @ACSPMD.bin containing application/octet-stream, moved to PDS/@ACSPMD
2023-04-02 22:54:24.876114 - Found @ADSR.bin containing application/octet-stream, moved to PDS/@ADSR
2023-04-02 22:54:24.877329 - Found @ADSRCMP.bin containing application/octet-stream, moved to PDS/@ADSRCMP
2023-04-02 22:54:24.879793 - Found @ADSRDBS.bin containing application/octet-stream, moved to PDS/@ADSRDBS
2023-04-02 22:54:24.881282 - Found @ADSRROS.bin containing application/octet-stream, moved to PDS/@ADSRROS
2023-04-02 22:54:24.882480 - Found @ADSR5ST.bin containing application/octet-stream, moved to PDS/@ADSR5ST
2023-04-02 22:54:24.883549 - Found @AE.bin containing application/octet-stream, moved to PDS/@AE
2023-04-02 22:54:24.884598 - Found @AMDAREA.bin containing application/octet-stream, moved to PDS/@AMDAREA
2023-04-02 22:54:24.885562 - Found @AMDMPEN.bin containing application/octet-stream, moved to PDS/@AMDMPEN
2023-04-02 22:54:24.886513 - Found @AMDPATH.bin containing application/octet-stream, moved to PDS/@AMDPATH
2023-04-02 22:54:24.887598 - Found @AMDSD.bin containing application/octet-stream, moved to PDS/@AMDSD
2023-04-02 22:54:24.888654 - Found @AMDSYS.bin containing application/octet-stream, moved to PDS/@AMDSYS
2023-04-02 22:54:24.889636 - Found @APPLDSC.bin containing application/octet-stream, moved to PDS/@APPLDSC
2023-04-02 22:54:24.890495 - Found @AQAT.bin containing application/octet-stream, moved to PDS/@AQAT
2023-04-02 22:54:24.891648 - Found @AQATITB.bin containing application/octet-stream, moved to PDS/@AQATITB
2023-04-02 22:54:24.892713 - Found @ASCB.bin containing application/octet-stream, moved to PDS/@ASCB
2023-04-02 22:54:24.893868 - Found @ASEO.bin containing application/octet-stream, moved to PDS/@ASEO
2023-04-02 22:54:24.894987 - Found @ASMHD.bin containing application/octet-stream, moved to PDS/@ASMHD
2023-04-02 22:54:24.896002 - Found @ASSB.bin containing application/octet-stream, moved to PDS/@ASSB
2023-04-02 22:54:24.897115 - Found @ASTE.bin containing application/octet-stream, moved to PDS/@ASTE
2023-04-02 22:54:24.898117 - Found @ASVT.bin containing application/octet-stream, moved to PDS/@ASVT
2023-04-02 22:54:24.899084 - Found @ASVTBEG.bin containing application/octet-stream, moved to PDS/@ASVTBEG
2023-04-02 22:54:24.900096 - Found @ASXB.bin containing application/octet-stream, moved to PDS/@ASXB
2023-04-02 22:54:24.901120 - Found @ATB.bin containing application/octet-stream, moved to PDS/@ATB
2023-04-02 22:54:24.902056 - Found @ATTCHLS.bin containing application/octet-stream, moved to PDS/@ATTCHLS
2023-04-02 22:54:24.903044 - Found @ATTCHLX.bin containing application/octet-stream, moved to PDS/@ATTCHLX
2023-04-02 22:54:24.904064 - Found @AUDLIST.bin containing application/octet-stream, moved to PDS/@AUDLIST
2023-04-02 22:54:24.905028 - Found @AUIPM.bin containing application/octet-stream, moved to PDS/@AUIPM
2023-04-02 22:54:24.905970 - Found @AUSCB.bin containing application/octet-stream, moved to PDS/@AUSCB
2023-04-02 22:54:24.907024 - Found @AUSPM.bin containing application/octet-stream, moved to PDS/@AUSPM
2023-04-02 22:54:24.908151 - Found @BASE.bin containing application/octet-stream, moved to PDS/@BASE
2023-04-02 22:54:24.910621 - Found @BASEX.bin containing application/octet-stream, moved to PDS/@BASEX
2023-04-02 22:54:24.912144 - Found @BFLE.bin containing application/octet-stream, moved to PDS/@BFLE
2023-04-02 22:54:24.913476 - Found @BFLHDR.bin containing application/octet-stream, moved to PDS/@BFLHDR
2023-04-02 22:54:24.914609 - Found @CACP.bin containing application/octet-stream, moved to PDS/@CACP
2023-04-02 22:54:24.915676 - Found @CAF.bin containing application/octet-stream, moved to PDS/@CAF
2023-04-02 22:54:24.916737 - Found @CBLS.bin containing application/octet-stream, moved to PDS/@CBLS
2023-04-02 22:54:24.917860 - Found @CBRADUP.bin containing application/octet-stream, moved to PDS/@CBRADUP
2023-04-02 22:54:24.918802 - Found @CCW0.bin containing application/octet-stream, moved to PDS/@CCW0
2023-04-02 22:54:24.919901 - Found @CCXPL.bin containing application/octet-stream, moved to PDS/@CCXPL
2023-04-02 22:54:24.920830 - Found @CDENTRY.bin containing application/octet-stream, moved to PDS/@CDENTRY
2023-04-02 22:54:24.921735 - Found @CGRP.bin containing application/octet-stream, moved to PDS/@CGRP
2023-04-02 22:54:24.922694 - Found @CGRPENT.bin containing application/octet-stream, moved to PDS/@CGRPENT
2023-04-02 22:54:24.923897 - Found @CHAIN.bin containing application/octet-stream, moved to PDS/@CHAIN
2023-04-02 22:54:24.924961 - Found @CHSCED.bin containing application/octet-stream, moved to PDS/@CHSCED
2023-04-02 22:54:24.925943 - Found @CIBX.bin containing application/octet-stream, moved to PDS/@CIBX
2023-04-02 22:54:24.926907 - Found @CIPADEV.bin containing application/octet-stream, moved to PDS/@CIPADEV
2023-04-02 22:54:24.928036 - Found @CMDX.bin containing application/octet-stream, moved to PDS/@CMDX
2023-04-02 22:54:24.929268 - Found @CMDXCDA.bin containing application/octet-stream, moved to PDS/@CMDXCDA
2023-04-02 22:54:24.930331 - Found @CMDXCLI.bin containing application/octet-stream, moved to PDS/@CMDXCLI
2023-04-02 22:54:24.931251 - Found @CMSLK.bin containing application/octet-stream, moved to PDS/@CMSLK
2023-04-02 22:54:24.932266 - Found @CNMB.bin containing application/octet-stream, moved to PDS/@CNMB
2023-04-02 22:54:24.933260 - Found @CNPREXI.bin containing application/octet-stream, moved to PDS/@CNPREXI
2023-04-02 22:54:24.934269 - Found @CNPRM.bin containing application/octet-stream, moved to PDS/@CNPRM
2023-04-02 22:54:24.935491 - Found @CNXPL.bin containing application/octet-stream, moved to PDS/@CNXPL
2023-04-02 22:54:24.936592 - Found @CONV.bin containing application/octet-stream, moved to PDS/@CONV
2023-04-02 22:54:24.937609 - Found @CPAB.bin containing application/octet-stream, moved to PDS/@CPAB
2023-04-02 22:54:24.938746 - Found @CPPL.bin containing application/octet-stream, moved to PDS/@CPPL
2023-04-02 22:54:24.939808 - Found @CPS.bin containing application/octet-stream, moved to PDS/@CPS
2023-04-02 22:54:24.940814 - Found @CPVT.bin containing application/octet-stream, moved to PDS/@CPVT
2023-04-02 22:54:24.941815 - Found @CQE.bin containing application/octet-stream, moved to PDS/@CQE
2023-04-02 22:54:24.942920 - Found @CRAB.bin containing application/octet-stream, moved to PDS/@CRAB
2023-04-02 22:54:24.943911 - Found @CSCX.bin containing application/octet-stream, moved to PDS/@CSCX
2023-04-02 22:54:24.945151 - Found @CSOA.bin containing application/octet-stream, moved to PDS/@CSOA
2023-04-02 22:54:24.946075 - Found @CSPL.bin containing application/octet-stream, moved to PDS/@CSPL
2023-04-02 22:54:24.946994 - Found @CTE.bin containing application/octet-stream, moved to PDS/@CTE
2023-04-02 22:54:24.948003 - Found @CTEEPLG.bin containing application/octet-stream, moved to PDS/@CTEEPLG
2023-04-02 22:54:24.948970 - Found @CTSS.bin containing application/octet-stream, moved to PDS/@CTSS
2023-04-02 22:54:24.949975 - Found @CTSSASI.bin containing application/octet-stream, moved to PDS/@CTSSASI
2023-04-02 22:54:24.950963 - Found @CTSSJOB.bin containing application/octet-stream, moved to PDS/@CTSSJOB
2023-04-02 22:54:24.951895 - Found @CTSSOPT.bin containing application/octet-stream, moved to PDS/@CTSSOPT
2023-04-02 22:54:24.952734 - Found @CTXI.bin containing application/octet-stream, moved to PDS/@CTXI
2023-04-02 22:54:24.953572 - Found @CTXT.bin containing application/octet-stream, moved to PDS/@CTXT
2023-04-02 22:54:24.954420 - Found @CTXTATT.bin containing application/octet-stream, moved to PDS/@CTXTATT
2023-04-02 22:54:24.955298 - Found @CTXTCDA.bin containing application/octet-stream, moved to PDS/@CTXTCDA
2023-04-02 22:54:24.956347 - Found @CTXTCNM.bin containing application/octet-stream, moved to PDS/@CTXTCNM
2023-04-02 22:54:24.957633 - Found @CTXTCON.bin containing application/octet-stream, moved to PDS/@CTXTCON
2023-04-02 22:54:24.958673 - Found @CTXTDES.bin containing application/octet-stream, moved to PDS/@CTXTDES
2023-04-02 22:54:24.959648 - Found @CTXTFBC.bin containing application/octet-stream, moved to PDS/@CTXTFBC
2023-04-02 22:54:24.960897 - Found @CTXTPRF.bin containing application/octet-stream, moved to PDS/@CTXTPRF
2023-04-02 22:54:24.961992 - Found @CTXTROU.bin containing application/octet-stream, moved to PDS/@CTXTROU
2023-04-02 22:54:24.962977 - Found @CVPL.bin containing application/octet-stream, moved to PDS/@CVPL
2023-04-02 22:54:24.963935 - Found @CVT.bin containing application/octet-stream, moved to PDS/@CVT
2023-04-02 22:54:24.965088 - Found @CVTVSTG.bin containing application/octet-stream, moved to PDS/@CVTVSTG
2023-04-02 22:54:24.966143 - Found @CVTXTNT.bin containing application/octet-stream, moved to PDS/@CVTXTNT
2023-04-02 22:54:24.967234 - Found @CWPL.bin containing application/octet-stream, moved to PDS/@CWPL
2023-04-02 22:54:24.968239 - Found @DAIRACB.bin containing application/octet-stream, moved to PDS/@DAIRACB
2023-04-02 22:54:24.969265 - Found @DAPB0C.bin containing application/octet-stream, moved to PDS/@DAPB0C
2023-04-02 22:54:24.970106 - Found @DAPB00.bin containing application/octet-stream, moved to PDS/@DAPB00
2023-04-02 22:54:24.971038 - Found @DAPB04.bin containing application/octet-stream, moved to PDS/@DAPB04
2023-04-02 22:54:24.971981 - Found @DAPB08.bin containing application/octet-stream, moved to PDS/@DAPB08
2023-04-02 22:54:24.972908 - Found @DAPB1C.bin containing application/octet-stream, moved to PDS/@DAPB1C
2023-04-02 22:54:24.973763 - Found @DAPB10.bin containing application/octet-stream, moved to PDS/@DAPB10
2023-04-02 22:54:24.974615 - Found @DAPB14.bin containing application/octet-stream, moved to PDS/@DAPB14
2023-04-02 22:54:24.975536 - Found @DAPB18.bin containing application/octet-stream, moved to PDS/@DAPB18
2023-04-02 22:54:24.976397 - Found @DAPB2C.bin containing application/octet-stream, moved to PDS/@DAPB2C
2023-04-02 22:54:24.977243 - Found @DAPB24.bin containing application/octet-stream, moved to PDS/@DAPB24
2023-04-02 22:54:24.978335 - Found @DAPB28.bin containing application/octet-stream, moved to PDS/@DAPB28
2023-04-02 22:54:24.979300 - Found @DAPB30.bin containing application/octet-stream, moved to PDS/@DAPB30
2023-04-02 22:54:24.980220 - Found @DAPB34.bin containing application/octet-stream, moved to PDS/@DAPB34
2023-04-02 22:54:24.981325 - Found @DAPL.bin containing application/octet-stream, moved to PDS/@DAPL
2023-04-02 22:54:24.982323 - Found @DAREA.bin containing application/octet-stream, moved to PDS/@DAREA
2023-04-02 22:54:24.983246 - Found @DCCD.bin containing application/octet-stream, moved to PDS/@DCCD
2023-04-02 22:54:24.984117 - Found @DCCDARR.bin containing application/octet-stream, moved to PDS/@DCCDARR
2023-04-02 22:54:24.985000 - Found @DCE.bin containing application/octet-stream, moved to PDS/@DCE
2023-04-02 22:54:24.985841 - Found @DCMMCTE.bin containing application/octet-stream, moved to PDS/@DCMMCTE
2023-04-02 22:54:24.986713 - Found @DCMSCTA.bin containing application/octet-stream, moved to PDS/@DCMSCTA
2023-04-02 22:54:24.987670 - Found @DCMSCTC.bin containing application/octet-stream, moved to PDS/@DCMSCTC
2023-04-02 22:54:24.988627 - Found @DCP.bin containing application/octet-stream, moved to PDS/@DCP
2023-04-02 22:54:24.989509 - Found @DCSIEPL.bin containing application/octet-stream, moved to PDS/@DCSIEPL
2023-04-02 22:54:24.990371 - Found @DDRCOM.bin containing application/octet-stream, moved to PDS/@DDRCOM
2023-04-02 22:54:24.991243 - Found @DDT.bin containing application/octet-stream, moved to PDS/@DDT
2023-04-02 22:54:24.992113 - Found @DEB.bin containing application/octet-stream, moved to PDS/@DEB
2023-04-02 22:54:24.993142 - Found @DEBACSM.bin containing application/octet-stream, moved to PDS/@DEBACSM
2023-04-02 22:54:24.994026 - Found @DEBBASI.bin containing application/octet-stream, moved to PDS/@DEBBASI
2023-04-02 22:54:24.995126 - Found @DEBDASD.bin containing application/octet-stream, moved to PDS/@DEBDASD
2023-04-02 22:54:24.996249 - Found @DEBSUBN.bin containing application/octet-stream, moved to PDS/@DEBSUBN
2023-04-02 22:54:24.997300 - Found @DEBXTN.bin containing application/octet-stream, moved to PDS/@DEBXTN
2023-04-02 22:54:24.998187 - Found @DECB.bin containing application/octet-stream, moved to PDS/@DECB
2023-04-02 22:54:24.999228 - Found @DEXPL.bin containing application/octet-stream, moved to PDS/@DEXPL
2023-04-02 22:54:25.000218 - Found @DFA.bin containing application/octet-stream, moved to PDS/@DFA
2023-04-02 22:54:25.001157 - Found @DFE.bin containing application/octet-stream, moved to PDS/@DFE
2023-04-02 22:54:25.002431 - Found @DFPARMS.bin containing application/octet-stream, moved to PDS/@DFPARMS
2023-04-02 22:54:25.003589 - Found @DFPB.bin containing application/octet-stream, moved to PDS/@DFPB
2023-04-02 22:54:25.004604 - Found @DFPL.bin containing application/octet-stream, moved to PDS/@DFPL
2023-04-02 22:54:25.005738 - Found @DFVT.bin containing application/octet-stream, moved to PDS/@DFVT
2023-04-02 22:54:25.007135 - Found @DOCNP.bin containing application/octet-stream, moved to PDS/@DOCNP
2023-04-02 22:54:25.008131 - Found @DOCNTFL.bin containing application/octet-stream, moved to PDS/@DOCNTFL
2023-04-02 22:54:25.009258 - Found @DOCNTLS.bin containing application/octet-stream, moved to PDS/@DOCNTLS
2023-04-02 22:54:25.010405 - Found @DOCNUNI.bin containing application/octet-stream, moved to PDS/@DOCNUNI
2023-04-02 22:54:25.011631 - Found @DOMCBAS.bin containing application/octet-stream, moved to PDS/@DOMCBAS
2023-04-02 22:54:25.012700 - Found @DQE.bin containing application/octet-stream, moved to PDS/@DQE
2023-04-02 22:54:25.013794 - Found @DSAB.bin containing application/octet-stream, moved to PDS/@DSAB
2023-04-02 22:54:25.014864 - Found @DSABANM.bin containing application/octet-stream, moved to PDS/@DSABANM
2023-04-02 22:54:25.015969 - Found @DSABGID.bin containing application/octet-stream, moved to PDS/@DSABGID
2023-04-02 22:54:25.017010 - Found @DSB.bin containing application/octet-stream, moved to PDS/@DSB
2023-04-02 22:54:25.018020 - Found @DSCB.bin containing application/octet-stream, moved to PDS/@DSCB
2023-04-02 22:54:25.019015 - Found @DSD.bin containing application/octet-stream, moved to PDS/@DSD
2023-04-02 22:54:25.020109 - Found @DSDELEM.bin containing application/octet-stream, moved to PDS/@DSDELEM
2023-04-02 22:54:25.021276 - Found @DSERV.bin containing application/octet-stream, moved to PDS/@DSERV
2023-04-02 22:54:25.022376 - Found @DSPACCE.bin containing application/octet-stream, moved to PDS/@DSPACCE
2023-04-02 22:54:25.023338 - Found @DSPAPPL.bin containing application/octet-stream, moved to PDS/@DSPAPPL
2023-04-02 22:54:25.024245 - Found @DSPBUF.bin containing application/octet-stream, moved to PDS/@DSPBUF
2023-04-02 22:54:25.025130 - Found @DSPD.bin containing application/octet-stream, moved to PDS/@DSPD
2023-04-02 22:54:25.026001 - Found @DSPDPTD.bin containing application/octet-stream, moved to PDS/@DSPDPTD
2023-04-02 22:54:25.027006 - Found @DSPINST.bin containing application/octet-stream, moved to PDS/@DSPINST
2023-04-02 22:54:25.027996 - Found @DSPVOLS.bin containing application/octet-stream, moved to PDS/@DSPVOLS
2023-04-02 22:54:25.028883 - Found @DSP2ACC.bin containing application/octet-stream, moved to PDS/@DSP2ACC
2023-04-02 22:54:25.029817 - Found @DSTAT.bin containing application/octet-stream, moved to PDS/@DSTAT
2023-04-02 22:54:25.030779 - Found @DSX.bin containing application/octet-stream, moved to PDS/@DSX
2023-04-02 22:54:25.031733 - Found @DVAREA.bin containing application/octet-stream, moved to PDS/@DVAREA
2023-04-02 22:54:25.032709 - Found @DVCT.bin containing application/octet-stream, moved to PDS/@DVCT
2023-04-02 22:54:25.033709 - Found @DVCTI.bin containing application/octet-stream, moved to PDS/@DVCTI
2023-04-02 22:54:25.034795 - Found @EACOD.bin containing application/octet-stream, moved to PDS/@EACOD
2023-04-02 22:54:25.035933 - Found @EAECB.bin containing application/octet-stream, moved to PDS/@EAECB
2023-04-02 22:54:25.037579 - Found @EATTR.bin containing application/octet-stream, moved to PDS/@EATTR
2023-04-02 22:54:25.038915 - Found @ECB.bin containing application/octet-stream, moved to PDS/@ECB
2023-04-02 22:54:25.039949 - Found @ECT.bin containing application/octet-stream, moved to PDS/@ECT
2023-04-02 22:54:25.040894 - Found @ECVT.bin containing application/octet-stream, moved to PDS/@ECVT
2023-04-02 22:54:25.042150 - Found @ELEM.bin containing application/octet-stream, moved to PDS/@ELEM
2023-04-02 22:54:25.043376 - Found @ENFCT.bin containing application/octet-stream, moved to PDS/@ENFCT
2023-04-02 22:54:25.044559 - Found @EPIE.bin containing application/octet-stream, moved to PDS/@EPIE
2023-04-02 22:54:25.045699 - Found @EPL.bin containing application/octet-stream, moved to PDS/@EPL
2023-04-02 22:54:25.046879 - Found @ETD.bin containing application/octet-stream, moved to PDS/@ETD
2023-04-02 22:54:25.047950 - Found @ETDELE.bin containing application/octet-stream, moved to PDS/@ETDELE
2023-04-02 22:54:25.048916 - Found @EVNT.bin containing application/octet-stream, moved to PDS/@EVNT
2023-04-02 22:54:25.049818 - Found @EWA.bin containing application/octet-stream, moved to PDS/@EWA
2023-04-02 22:54:25.050786 - Found @EXTWKEA.bin containing application/octet-stream, moved to PDS/@EXTWKEA
2023-04-02 22:54:25.051938 - Found @FBQE.bin containing application/octet-stream, moved to PDS/@FBQE
2023-04-02 22:54:25.052877 - Found @FETWK.bin containing application/octet-stream, moved to PDS/@FETWK
2023-04-02 22:54:25.053768 - Found @FM5ACCS.bin containing application/octet-stream, moved to PDS/@FM5ACCS
2023-04-02 22:54:25.054624 - Found @FM5ASI.bin containing application/octet-stream, moved to PDS/@FM5ASI
2023-04-02 22:54:25.055604 - Found @FM5CVCO.bin containing application/octet-stream, moved to PDS/@FM5CVCO
2023-04-02 22:54:25.056517 - Found @FM5LUOW.bin containing application/octet-stream, moved to PDS/@FM5LUOW
2023-04-02 22:54:25.057499 - Found @FM5PIPF.bin containing application/octet-stream, moved to PDS/@FM5PIPF
2023-04-02 22:54:25.058465 - Found @FM5PIPS.bin containing application/octet-stream, moved to PDS/@FM5PIPS
2023-04-02 22:54:25.059744 - Found @FQE.bin containing application/octet-stream, moved to PDS/@FQE
2023-04-02 22:54:25.060763 - Found @FRRS.bin containing application/octet-stream, moved to PDS/@FRRS
2023-04-02 22:54:25.061713 - Found @FRRSENT.bin containing application/octet-stream, moved to PDS/@FRRSENT
2023-04-02 22:54:25.062624 - Found @FRRSXEN.bin containing application/octet-stream, moved to PDS/@FRRSXEN
2023-04-02 22:54:25.063575 - Found @FRRSXST.bin containing application/octet-stream, moved to PDS/@FRRSXST
2023-04-02 22:54:25.064578 - Found @FSIBLAT.bin containing application/octet-stream, moved to PDS/@FSIBLAT
2023-04-02 22:54:25.065498 - Found @FSIEA.bin containing application/octet-stream, moved to PDS/@FSIEA
2023-04-02 22:54:25.066399 - Found @FSIED.bin containing application/octet-stream, moved to PDS/@FSIED
2023-04-02 22:54:25.067543 - Found @FSIUDAT.bin containing application/octet-stream, moved to PDS/@FSIUDAT
2023-04-02 22:54:25.068506 - Found @FTWKARE.bin containing application/octet-stream, moved to PDS/@FTWKARE
2023-04-02 22:54:25.069451 - Found @GDA.bin containing application/octet-stream, moved to PDS/@GDA
2023-04-02 22:54:25.070381 - Found @GENC.bin containing application/octet-stream, moved to PDS/@GENC
2023-04-02 22:54:25.071312 - Found @GENDAT.bin containing application/octet-stream, moved to PDS/@GENDAT
2023-04-02 22:54:25.072589 - Found @GEPL.bin containing application/octet-stream, moved to PDS/@GEPL
2023-04-02 22:54:25.073507 - Found @GFDSECT.bin containing application/octet-stream, moved to PDS/@GFDSECT
2023-04-02 22:54:25.074382 - Found @GIMMPUX.bin containing application/octet-stream, moved to PDS/@GIMMPUX
2023-04-02 22:54:25.075484 - Found @GSDA.bin containing application/octet-stream, moved to PDS/@GSDA
2023-04-02 22:54:25.076599 - Found @GTFAPP.bin containing application/octet-stream, moved to PDS/@GTFAPP
2023-04-02 22:54:25.077559 - Found @GTO.bin containing application/octet-stream, moved to PDS/@GTO
2023-04-02 22:54:25.078456 - Found @GTPB.bin containing application/octet-stream, moved to PDS/@GTPB
2023-04-02 22:54:25.079380 - Found @GTS.bin containing application/octet-stream, moved to PDS/@GTS
2023-04-02 22:54:25.080424 - Found @GWT.bin containing application/octet-stream, moved to PDS/@GWT
2023-04-02 22:54:25.081468 - Found @HCL.bin containing application/octet-stream, moved to PDS/@HCL
2023-04-02 22:54:25.082394 - Found @HMAA.bin containing application/octet-stream, moved to PDS/@HMAA
2023-04-02 22:54:25.083477 - Found @HMAADSN.bin containing application/octet-stream, moved to PDS/@HMAADSN
2023-04-02 22:54:25.084484 - Found @HMAARNG.bin containing application/octet-stream, moved to PDS/@HMAARNG
2023-04-02 22:54:25.085416 - Found @HMAATRK.bin containing application/octet-stream, moved to PDS/@HMAATRK
2023-04-02 22:54:25.086376 - Found @HMPDS.bin containing application/octet-stream, moved to PDS/@HMPDS
2023-04-02 22:54:25.087385 - Found @HMPHR.bin containing application/octet-stream, moved to PDS/@HMPHR
2023-04-02 22:54:25.088444 - Found @HMPL.bin containing application/octet-stream, moved to PDS/@HMPL
2023-04-02 22:54:25.089355 - Found @IATB.bin containing application/octet-stream, moved to PDS/@IATB
2023-04-02 22:54:25.090239 - Found @IAZBTOK.bin containing application/octet-stream, moved to PDS/@IAZBTOK
2023-04-02 22:54:25.091278 - Found @IAZCHK.bin containing application/octet-stream, moved to PDS/@IAZCHK
2023-04-02 22:54:25.092504 - Found @IAZFSCT.bin containing application/octet-stream, moved to PDS/@IAZFSCT
2023-04-02 22:54:25.093622 - Found @IAZFSIB.bin containing application/octet-stream, moved to PDS/@IAZFSIB
2023-04-02 22:54:25.094616 - Found @IAZFSIP.bin containing application/octet-stream, moved to PDS/@IAZFSIP
2023-04-02 22:54:25.095854 - Found @IAZFSVT.bin containing application/octet-stream, moved to PDS/@IAZFSVT
2023-04-02 22:54:25.096803 - Found @IAZIDX.bin containing application/octet-stream, moved to PDS/@IAZIDX
2023-04-02 22:54:25.098023 - Found @IAZJSAB.bin containing application/octet-stream, moved to PDS/@IAZJSAB
2023-04-02 22:54:25.099132 - Found @IAZJSPA.bin containing application/octet-stream, moved to PDS/@IAZJSPA
2023-04-02 22:54:25.100208 - Found @IAZRESP.bin containing application/octet-stream, moved to PDS/@IAZRESP
2023-04-02 22:54:25.101454 - Found @ICVARXN.bin containing application/octet-stream, moved to PDS/@ICVARXN
2023-04-02 22:54:25.102601 - Found @ICVFCL.bin containing application/octet-stream, moved to PDS/@ICVFCL
2023-04-02 22:54:25.103806 - Found @IDCDOUT.bin containing application/octet-stream, moved to PDS/@IDCDOUT
2023-04-02 22:54:25.104846 - Found @IECANWA.bin containing application/octet-stream, moved to PDS/@IECANWA
2023-04-02 22:54:25.105915 - Found @IECIEPR.bin containing application/octet-stream, moved to PDS/@IECIEPR
2023-04-02 22:54:25.106928 - Found @IEDB.bin containing application/octet-stream, moved to PDS/@IEDB
2023-04-02 22:54:25.107935 - Found @IEDSECT.bin containing application/octet-stream, moved to PDS/@IEDSECT
2023-04-02 22:54:25.108871 - Found @IEFPCCB.bin containing application/octet-stream, moved to PDS/@IEFPCCB
2023-04-02 22:54:25.109845 - Found @IEFSDPA.bin containing application/octet-stream, moved to PDS/@IEFSDPA
2023-04-02 22:54:25.110722 - Found @IEFSDSD.bin containing application/octet-stream, moved to PDS/@IEFSDSD
2023-04-02 22:54:25.111624 - Found @IEFSDSM.bin containing application/octet-stream, moved to PDS/@IEFSDSM
2023-04-02 22:54:25.112549 - Found @IEFSDWK.bin containing application/octet-stream, moved to PDS/@IEFSDWK
2023-04-02 22:54:25.113646 - Found @IESUBCT.bin containing application/octet-stream, moved to PDS/@IESUBCT
2023-04-02 22:54:25.114635 - Found @IEZCIB.bin containing application/octet-stream, moved to PDS/@IEZCIB
2023-04-02 22:54:25.115709 - Found @IEZCOM.bin containing application/octet-stream, moved to PDS/@IEZCOM
2023-04-02 22:54:25.116822 - Found @IEZJSCB.bin containing application/octet-stream, moved to PDS/@IEZJSCB
2023-04-02 22:54:25.117854 - Found @IFGACB.bin containing application/octet-stream, moved to PDS/@IFGACB
2023-04-02 22:54:25.118861 - Found @IFGEXLE.bin containing application/octet-stream, moved to PDS/@IFGEXLE
2023-04-02 22:54:25.119824 - Found @IFGEXLS.bin containing application/octet-stream, moved to PDS/@IFGEXLS
2023-04-02 22:54:25.120831 - Found @IFGRPL.bin containing application/octet-stream, moved to PDS/@IFGRPL
2023-04-02 22:54:25.121787 - Found @IGDENVP.bin containing application/octet-stream, moved to PDS/@IGDENVP
2023-04-02 22:54:25.122699 - Found @IGDID0N.bin containing application/octet-stream, moved to PDS/@IGDID0N
2023-04-02 22:54:25.123603 - Found @IGDSCHR.bin containing application/octet-stream, moved to PDS/@IGDSCHR
2023-04-02 22:54:25.124491 - Found @IGDSGD.bin containing application/octet-stream, moved to PDS/@IGDSGD
2023-04-02 22:54:25.125367 - Found @IGDVLD.bin containing application/octet-stream, moved to PDS/@IGDVLD
2023-04-02 22:54:25.126239 - Found @IHAABEP.bin containing application/octet-stream, moved to PDS/@IHAABEP
2023-04-02 22:54:25.127181 - Found @IHADATO.bin containing application/octet-stream, moved to PDS/@IHADATO
2023-04-02 22:54:25.128215 - Found @IHADCB.bin containing application/octet-stream, moved to PDS/@IHADCB
2023-04-02 22:54:25.129114 - Found @IHAPDAB.bin containing application/octet-stream, moved to PDS/@IHAPDAB
2023-04-02 22:54:25.129992 - Found @IHSA.bin containing application/octet-stream, moved to PDS/@IHSA
2023-04-02 22:54:25.130893 - Found @IKJEBEC.bin containing application/octet-stream, moved to PDS/@IKJEBEC
2023-04-02 22:54:25.132050 - Found @INITENO.bin containing application/octet-stream, moved to PDS/@INITENO
2023-04-02 22:54:25.133022 - Found @INITGRP.bin containing application/octet-stream, moved to PDS/@INITGRP
2023-04-02 22:54:25.133986 - Found @INITLGS.bin containing application/octet-stream, moved to PDS/@INITLGS
2023-04-02 22:54:25.134888 - Found @INITNPA.bin containing application/octet-stream, moved to PDS/@INITNPA
2023-04-02 22:54:25.136048 - Found @INITOID.bin containing application/octet-stream, moved to PDS/@INITOID
2023-04-02 22:54:25.136980 - Found @INITPAR.bin containing application/octet-stream, moved to PDS/@INITPAR
2023-04-02 22:54:25.137876 - Found @INITPAS.bin containing application/octet-stream, moved to PDS/@INITPAS
2023-04-02 22:54:25.138844 - Found @INITSGR.bin containing application/octet-stream, moved to PDS/@INITSGR
2023-04-02 22:54:25.139733 - Found @INITSNO.bin containing application/octet-stream, moved to PDS/@INITSNO
2023-04-02 22:54:25.140648 - Found @INITSUI.bin containing application/octet-stream, moved to PDS/@INITSUI
2023-04-02 22:54:25.141576 - Found @INITTER.bin containing application/octet-stream, moved to PDS/@INITTER
2023-04-02 22:54:25.142529 - Found @INITUSR.bin containing application/octet-stream, moved to PDS/@INITUSR
2023-04-02 22:54:25.143470 - Found @INMTEXT.bin containing application/octet-stream, moved to PDS/@INMTEXT
2023-04-02 22:54:25.144330 - Found @IOB.bin containing application/octet-stream, moved to PDS/@IOB
2023-04-02 22:54:25.145136 - Found @IOBAR.bin containing application/octet-stream, moved to PDS/@IOBAR
2023-04-02 22:54:25.145925 - Found @IOBE.bin containing application/octet-stream, moved to PDS/@IOBE
2023-04-02 22:54:25.146734 - Found @IOPARAM.bin containing application/octet-stream, moved to PDS/@IOPARAM
2023-04-02 22:54:25.147883 - Found @IOPL.bin containing application/octet-stream, moved to PDS/@IOPL
2023-04-02 22:54:25.148836 - Found @IOSB.bin containing application/octet-stream, moved to PDS/@IOSB
2023-04-02 22:54:25.149819 - Found @IOX.bin containing application/octet-stream, moved to PDS/@IOX
2023-04-02 22:54:25.150767 - Found @IPIB.bin containing application/octet-stream, moved to PDS/@IPIB
2023-04-02 22:54:25.151761 - Found @IQESECT.bin containing application/octet-stream, moved to PDS/@IQESECT
2023-04-02 22:54:25.152823 - Found @ISTBLEN.bin containing application/octet-stream, moved to PDS/@ISTBLEN
2023-04-02 22:54:25.153767 - Found @ISTDBIN.bin containing application/octet-stream, moved to PDS/@ISTDBIN
2023-04-02 22:54:25.154708 - Found @ISTDNIB.bin containing application/octet-stream, moved to PDS/@ISTDNIB
2023-04-02 22:54:25.155728 - Found @ISTDPOH.bin containing application/octet-stream, moved to PDS/@ISTDPOH
2023-04-02 22:54:25.156924 - Found @ISTDPRO.bin containing application/octet-stream, moved to PDS/@ISTDPRO
2023-04-02 22:54:25.157910 - Found @ISTDVCH.bin containing application/octet-stream, moved to PDS/@ISTDVCH
2023-04-02 22:54:25.159022 - Found @ISTFM5.bin containing application/octet-stream, moved to PDS/@ISTFM5
2023-04-02 22:54:25.160273 - Found @ISTMTS.bin containing application/octet-stream, moved to PDS/@ISTMTS
2023-04-02 22:54:25.161280 - Found @ISTRH.bin containing application/octet-stream, moved to PDS/@ISTRH
2023-04-02 22:54:25.162336 - Found @ISTSLCN.bin containing application/octet-stream, moved to PDS/@ISTSLCN
2023-04-02 22:54:25.163380 - Found @ISTSLD.bin containing application/octet-stream, moved to PDS/@ISTSLD
2023-04-02 22:54:25.164413 - Found @ISTUSFB.bin containing application/octet-stream, moved to PDS/@ISTUSFB
2023-04-02 22:54:25.165424 - Found @ITRH.bin containing application/octet-stream, moved to PDS/@ITRH
2023-04-02 22:54:25.166433 - Found @JCT.bin containing application/octet-stream, moved to PDS/@JCT
2023-04-02 22:54:25.167495 - Found @JCTXIN.bin containing application/octet-stream, moved to PDS/@JCTXIN
2023-04-02 22:54:25.168481 - Found @JESCT.bin containing application/octet-stream, moved to PDS/@JESCT
2023-04-02 22:54:25.169418 - Found @JESPEXT.bin containing application/octet-stream, moved to PDS/@JESPEXT
2023-04-02 22:54:25.170465 - Found @JFCB.bin containing application/octet-stream, moved to PDS/@JFCB
2023-04-02 22:54:25.171430 - Found @JFCBE.bin containing application/octet-stream, moved to PDS/@JFCBE
2023-04-02 22:54:25.172461 - Found @JFCBXTT.bin containing application/octet-stream, moved to PDS/@JFCBXTT
2023-04-02 22:54:25.173432 - Found @JICA.bin containing application/octet-stream, moved to PDS/@JICA
2023-04-02 22:54:25.174399 - Found @JMR.bin containing application/octet-stream, moved to PDS/@JMR
2023-04-02 22:54:25.175618 - Found @JOBNDSC.bin containing application/octet-stream, moved to PDS/@JOBNDSC
2023-04-02 22:54:25.176601 - Found @JSBFCOD.bin containing application/octet-stream, moved to PDS/@JSBFCOD
2023-04-02 22:54:25.177646 - Found @JSBTBL.bin containing application/octet-stream, moved to PDS/@JSBTBL
2023-04-02 22:54:25.178619 - Found @JSBVT.bin containing application/octet-stream, moved to PDS/@JSBVT
2023-04-02 22:54:25.179842 - Found @JSIPL.bin containing application/octet-stream, moved to PDS/@JSIPL
2023-04-02 22:54:25.180939 - Found @JSPEXT.bin containing application/octet-stream, moved to PDS/@JSPEXT
2023-04-02 22:54:25.181979 - Found @LCCA.bin containing application/octet-stream, moved to PDS/@LCCA
2023-04-02 22:54:25.183056 - Found @LCT.bin containing application/octet-stream, moved to PDS/@LCT
2023-04-02 22:54:25.184279 - Found @LDA.bin containing application/octet-stream, moved to PDS/@LDA
2023-04-02 22:54:25.185351 - Found @LLE.bin containing application/octet-stream, moved to PDS/@LLE
2023-04-02 22:54:25.186533 - Found @LLP1.bin containing application/octet-stream, moved to PDS/@LLP1
2023-04-02 22:54:25.187551 - Found @LLP2.bin containing application/octet-stream, moved to PDS/@LLP2
2023-04-02 22:54:25.188613 - Found @LLP2EP.bin containing application/octet-stream, moved to PDS/@LLP2EP
2023-04-02 22:54:25.189555 - Found @LLP2X.bin containing application/octet-stream, moved to PDS/@LLP2X
2023-04-02 22:54:25.190478 - Found @LPDE.bin containing application/octet-stream, moved to PDS/@LPDE
2023-04-02 22:54:25.191466 - Found @LQB.bin containing application/octet-stream, moved to PDS/@LQB
2023-04-02 22:54:25.192409 - Found @LQBLNGE.bin containing application/octet-stream, moved to PDS/@LQBLNGE
2023-04-02 22:54:25.193239 - Found @LRB.bin containing application/octet-stream, moved to PDS/@LRB
2023-04-02 22:54:25.194077 - Found @LSD.bin containing application/octet-stream, moved to PDS/@LSD
2023-04-02 22:54:25.194942 - Found @LWA.bin containing application/octet-stream, moved to PDS/@LWA
2023-04-02 22:54:25.195869 - Found @MCA.bin containing application/octet-stream, moved to PDS/@MCA
2023-04-02 22:54:25.196796 - Found @MCHEAD.bin containing application/octet-stream, moved to PDS/@MCHEAD
2023-04-02 22:54:25.197679 - Found @MCSCSA.bin containing application/octet-stream, moved to PDS/@MCSCSA
2023-04-02 22:54:25.198603 - Found @MCSM.bin containing application/octet-stream, moved to PDS/@MCSM
2023-04-02 22:54:25.199578 - Found @MCSOMAP.bin containing application/octet-stream, moved to PDS/@MCSOMAP
2023-04-02 22:54:25.200687 - Found @MCSOPPR.bin containing application/octet-stream, moved to PDS/@MCSOPPR
2023-04-02 22:54:25.201675 - Found @MCSOTBL.bin containing application/octet-stream, moved to PDS/@MCSOTBL
2023-04-02 22:54:25.202598 - Found @MDB.bin containing application/octet-stream, moved to PDS/@MDB
2023-04-02 22:54:25.203714 - Found @MDBG.bin containing application/octet-stream, moved to PDS/@MDBG
2023-04-02 22:54:25.204695 - Found @MDBPRFX.bin containing application/octet-stream, moved to PDS/@MDBPRFX
2023-04-02 22:54:25.205823 - Found @MDBSCP.bin containing application/octet-stream, moved to PDS/@MDBSCP
2023-04-02 22:54:25.206781 - Found @MDBT.bin containing application/octet-stream, moved to PDS/@MDBT
2023-04-02 22:54:25.207855 - Found @MDEL.bin containing application/octet-stream, moved to PDS/@MDEL
2023-04-02 22:54:25.208861 - Found @MDELENT.bin containing application/octet-stream, moved to PDS/@MDELENT
2023-04-02 22:54:25.209844 - Found @MEPL.bin containing application/octet-stream, moved to PDS/@MEPL
2023-04-02 22:54:25.210762 - Found @MGCEPL.bin containing application/octet-stream, moved to PDS/@MGCEPL
2023-04-02 22:54:25.211829 - Found @MGCETEX.bin containing application/octet-stream, moved to PDS/@MGCETEX
2023-04-02 22:54:25.213086 - Found @MGCEUTK.bin containing application/octet-stream, moved to PDS/@MGCEUTK
2023-04-02 22:54:25.213957 - Found @MGCRPL.bin containing application/octet-stream, moved to PDS/@MGCRPL
2023-04-02 22:54:25.215178 - Found @MGCRPTO.bin containing application/octet-stream, moved to PDS/@MGCRPTO
2023-04-02 22:54:25.216334 - Found @MGCRSTO.bin containing application/octet-stream, moved to PDS/@MGCRSTO
2023-04-02 22:54:25.217338 - Found @MIO.bin containing application/octet-stream, moved to PDS/@MIO
2023-04-02 22:54:25.218306 - Found @MIOMSG.bin containing application/octet-stream, moved to PDS/@MIOMSG
2023-04-02 22:54:25.219216 - Found @MLTE.bin containing application/octet-stream, moved to PDS/@MLTE
2023-04-02 22:54:25.220189 - Found @MMIB.bin containing application/octet-stream, moved to PDS/@MMIB
2023-04-02 22:54:25.221152 - Found @MMRE.bin containing application/octet-stream, moved to PDS/@MMRE
2023-04-02 22:54:25.222151 - Found @MODC.bin containing application/octet-stream, moved to PDS/@MODC
2023-04-02 22:54:25.223076 - Found @MPB.bin containing application/octet-stream, moved to PDS/@MPB
2023-04-02 22:54:25.223998 - Found @MPBMSG.bin containing application/octet-stream, moved to PDS/@MPBMSG
2023-04-02 22:54:25.225029 - Found @MPBSB.bin containing application/octet-stream, moved to PDS/@MPBSB
2023-04-02 22:54:25.225964 - Found @MPL.bin containing application/octet-stream, moved to PDS/@MPL
2023-04-02 22:54:25.227188 - Found @MTB.bin containing application/octet-stream, moved to PDS/@MTB
2023-04-02 22:54:25.228208 - Found @MTBMSG.bin containing application/octet-stream, moved to PDS/@MTBMSG
2023-04-02 22:54:25.229237 - Found @MTDSECT.bin containing application/octet-stream, moved to PDS/@MTDSECT
2023-04-02 22:54:25.230336 - Found @MTENTRY.bin containing application/octet-stream, moved to PDS/@MTENTRY
2023-04-02 22:54:25.231353 - Found @MTPRMMA.bin containing application/octet-stream, moved to PDS/@MTPRMMA
2023-04-02 22:54:25.232343 - Found @MTTABLE.bin containing application/octet-stream, moved to PDS/@MTTABLE
2023-04-02 22:54:25.233257 - Found @NPPL.bin containing application/octet-stream, moved to PDS/@NPPL
2023-04-02 22:54:25.234185 - Found @NSSA.bin containing application/octet-stream, moved to PDS/@NSSA
2023-04-02 22:54:25.235146 - Found @OBL.bin containing application/octet-stream, moved to PDS/@OBL
2023-04-02 22:54:25.236186 - Found @OBLB.bin containing application/octet-stream, moved to PDS/@OBLB
2023-04-02 22:54:25.237106 - Found @OBLBDES.bin containing application/octet-stream, moved to PDS/@OBLBDES
2023-04-02 22:54:25.237998 - Found @OBTWAD.bin containing application/octet-stream, moved to PDS/@OBTWAD
2023-04-02 22:54:25.238955 - Found @OENTE.bin containing application/octet-stream, moved to PDS/@OENTE
2023-04-02 22:54:25.239991 - Found @OEVSE.bin containing application/octet-stream, moved to PDS/@OEVSE
2023-04-02 22:54:25.240864 - Found @OIEXL.bin containing application/octet-stream, moved to PDS/@OIEXL
2023-04-02 22:54:25.241765 - Found @ORB.bin containing application/octet-stream, moved to PDS/@ORB
2023-04-02 22:54:25.242606 - Found @OREF.bin containing application/octet-stream, moved to PDS/@OREF
2023-04-02 22:54:25.243812 - Found @OUCB.bin containing application/octet-stream, moved to PDS/@OUCB
2023-04-02 22:54:25.244762 - Found @OUSB.bin containing application/octet-stream, moved to PDS/@OUSB
2023-04-02 22:54:25.245693 - Found @PARAM.bin containing application/octet-stream, moved to PDS/@PARAM
2023-04-02 22:54:25.246559 - Found @PARMLIS.bin containing application/octet-stream, moved to PDS/@PARMLIS
2023-04-02 22:54:25.247517 - Found @PCCA.bin containing application/octet-stream, moved to PDS/@PCCA
2023-04-02 22:54:25.248674 - Found @PCCAVT.bin containing application/octet-stream, moved to PDS/@PCCAVT
2023-04-02 22:54:25.249610 - Found @PDDSECT.bin containing application/octet-stream, moved to PDS/@PDDSECT
2023-04-02 22:54:25.250603 - Found @PDS2.bin containing application/octet-stream, moved to PDS/@PDS2
2023-04-02 22:54:25.251723 - Found @PEL.bin containing application/octet-stream, moved to PDS/@PEL
2023-04-02 22:54:25.252812 - Found @PGPB.bin containing application/octet-stream, moved to PDS/@PGPB
2023-04-02 22:54:25.253747 - Found @PGRDSCT.bin containing application/octet-stream, moved to PDS/@PGRDSCT
2023-04-02 22:54:25.254704 - Found @PICA.bin containing application/octet-stream, moved to PDS/@PICA
2023-04-02 22:54:25.255820 - Found @PIE.bin containing application/octet-stream, moved to PDS/@PIE
2023-04-02 22:54:25.256963 - Found @PIPL.bin containing application/octet-stream, moved to PDS/@PIPL
2023-04-02 22:54:25.258040 - Found @PIPPRMS.bin containing application/octet-stream, moved to PDS/@PIPPRMS
2023-04-02 22:54:25.259156 - Found @PIRL.bin containing application/octet-stream, moved to PDS/@PIRL
2023-04-02 22:54:25.260201 - Found @PLIBARE.bin containing application/octet-stream, moved to PDS/@PLIBARE
2023-04-02 22:54:25.261243 - Found @POEDSCT.bin containing application/octet-stream, moved to PDS/@POEDSCT
2023-04-02 22:54:25.262223 - Found @PPE.bin containing application/octet-stream, moved to PDS/@PPE
2023-04-02 22:54:25.263170 - Found @PPL.bin containing application/octet-stream, moved to PDS/@PPL
2023-04-02 22:54:25.264299 - Found @PPT.bin containing application/octet-stream, moved to PDS/@PPT
2023-04-02 22:54:25.265287 - Found @PPT1.bin containing application/octet-stream, moved to PDS/@PPT1
2023-04-02 22:54:25.266293 - Found @PRDINPU.bin containing application/octet-stream, moved to PDS/@PRDINPU
2023-04-02 22:54:25.267358 - Found @PREPL.bin containing application/octet-stream, moved to PDS/@PREPL
2023-04-02 22:54:25.268469 - Found @PSA.bin containing application/octet-stream, moved to PDS/@PSA
2023-04-02 22:54:25.269406 - Found @PSCB.bin containing application/octet-stream, moved to PDS/@PSCB
2023-04-02 22:54:25.270586 - Found @PSL.bin containing application/octet-stream, moved to PDS/@PSL
2023-04-02 22:54:25.271533 - Found @PSW.bin containing application/octet-stream, moved to PDS/@PSW
2023-04-02 22:54:25.272450 - Found @PTPB.bin containing application/octet-stream, moved to PDS/@PTPB
2023-04-02 22:54:25.273516 - Found @PVT.bin containing application/octet-stream, moved to PDS/@PVT
2023-04-02 22:54:25.274491 - Found @PWXPL.bin containing application/octet-stream, moved to PDS/@PWXPL
2023-04-02 22:54:25.275456 - Found @QEL.bin containing application/octet-stream, moved to PDS/@QEL
2023-04-02 22:54:25.276543 - Found @QELB.bin containing application/octet-stream, moved to PDS/@QELB
2023-04-02 22:54:25.277686 - Found @QELBDES.bin containing application/octet-stream, moved to PDS/@QELBDES
2023-04-02 22:54:25.278764 - Found @QELQ.bin containing application/octet-stream, moved to PDS/@QELQ
2023-04-02 22:54:25.279864 - Found @QMDIINF.bin containing application/octet-stream, moved to PDS/@QMDIINF
2023-04-02 22:54:25.281076 - Found @QMDIP.bin containing application/octet-stream, moved to PDS/@QMDIP
2023-04-02 22:54:25.282220 - Found @QMIOP.bin containing application/octet-stream, moved to PDS/@QMIOP
2023-04-02 22:54:25.283220 - Found @QMST.bin containing application/octet-stream, moved to PDS/@QMST
2023-04-02 22:54:25.284260 - Found @QUAGRP.bin containing application/octet-stream, moved to PDS/@QUAGRP
2023-04-02 22:54:25.285354 - Found @QUAHDR.bin containing application/octet-stream, moved to PDS/@QUAHDR
2023-04-02 22:54:25.286432 - Found @QUAMEM.bin containing application/octet-stream, moved to PDS/@QUAMEM
2023-04-02 22:54:25.287451 - Found @QUASYS.bin containing application/octet-stream, moved to PDS/@QUASYS
2023-04-02 22:54:25.288445 - Found @QVOD.bin containing application/octet-stream, moved to PDS/@QVOD
2023-04-02 22:54:25.289324 - Found @QVODCMM.bin containing application/octet-stream, moved to PDS/@QVODCMM
2023-04-02 22:54:25.290541 - Found @QVODENT.bin containing application/octet-stream, moved to PDS/@QVODENT
2023-04-02 22:54:25.291580 - Found @QVPL.bin containing application/octet-stream, moved to PDS/@QVPL
2023-04-02 22:54:25.292524 - Found @RAX.bin containing application/octet-stream, moved to PDS/@RAX
2023-04-02 22:54:25.293354 - Found @RBBASIC.bin containing application/octet-stream, moved to PDS/@RBBASIC
2023-04-02 22:54:25.294186 - Found @RBPRFX.bin containing application/octet-stream, moved to PDS/@RBPRFX
2023-04-02 22:54:25.295006 - Found @RCATABL.bin containing application/octet-stream, moved to PDS/@RCATABL
2023-04-02 22:54:25.295944 - Found @RCE.bin containing application/octet-stream, moved to PDS/@RCE
2023-04-02 22:54:25.297042 - Found @RCVT.bin containing application/octet-stream, moved to PDS/@RCVT
2023-04-02 22:54:25.298143 - Found @RCVTSNT.bin containing application/octet-stream, moved to PDS/@RCVTSNT
2023-04-02 22:54:25.299334 - Found @RCXPL.bin containing application/octet-stream, moved to PDS/@RCXPL
2023-04-02 22:54:25.300432 - Found @RD.bin containing application/octet-stream, moved to PDS/@RD
2023-04-02 22:54:25.301574 - Found @RDDFLIS.bin containing application/octet-stream, moved to PDS/@RDDFLIS
2023-04-02 22:54:25.302716 - Found @RDXPL.bin containing application/octet-stream, moved to PDS/@RDXPL
2023-04-02 22:54:25.303898 - Found @RECHDR.bin containing application/octet-stream, moved to PDS/@RECHDR
2023-04-02 22:54:25.304813 - Found @RETRY.bin containing application/octet-stream, moved to PDS/@RETRY
2023-04-02 22:54:25.305671 - Found @RFXPL.bin containing application/octet-stream, moved to PDS/@RFXPL
2023-04-02 22:54:25.306602 - Found @RGR.bin containing application/octet-stream, moved to PDS/@RGR
2023-04-02 22:54:25.307688 - Found @RIB.bin containing application/octet-stream, moved to PDS/@RIB
2023-04-02 22:54:25.308809 - Found @RIBE.bin containing application/octet-stream, moved to PDS/@RIBE
2023-04-02 22:54:25.309798 - Found @RIBVAR.bin containing application/octet-stream, moved to PDS/@RIBVAR
2023-04-02 22:54:25.311073 - Found @RIXPL.bin containing application/octet-stream, moved to PDS/@RIXPL
2023-04-02 22:54:25.312244 - Found @RLX1PL.bin containing application/octet-stream, moved to PDS/@RLX1PL
2023-04-02 22:54:25.313260 - Found @RLX2PL.bin containing application/octet-stream, moved to PDS/@RLX2PL
2023-04-02 22:54:25.314336 - Found @RMPL.bin containing application/octet-stream, moved to PDS/@RMPL
2023-04-02 22:54:25.315450 - Found @RNL_HEA.bin containing application/octet-stream, moved to PDS/@RNL_HEA
2023-04-02 22:54:25.316535 - Found @RNLE.bin containing application/octet-stream, moved to PDS/@RNLE
2023-04-02 22:54:25.317618 - Found @RQE.bin containing application/octet-stream, moved to PDS/@RQE
2023-04-02 22:54:25.318755 - Found @RQEX.bin containing application/octet-stream, moved to PDS/@RQEX
2023-04-02 22:54:25.319788 - Found @RRPF.bin containing application/octet-stream, moved to PDS/@RRPF
2023-04-02 22:54:25.320667 - Found @RSMPL.bin containing application/octet-stream, moved to PDS/@RSMPL
2023-04-02 22:54:25.321490 - Found @RSTB.bin containing application/octet-stream, moved to PDS/@RSTB
2023-04-02 22:54:25.322298 - Found @RSTBCOD.bin containing application/octet-stream, moved to PDS/@RSTBCOD
2023-04-02 22:54:25.323148 - Found @RSTBSEC.bin containing application/octet-stream, moved to PDS/@RSTBSEC
2023-04-02 22:54:25.324100 - Found @RVT.bin containing application/octet-stream, moved to PDS/@RVT
2023-04-02 22:54:25.325020 - Found @SAFP.bin containing application/octet-stream, moved to PDS/@SAFP
2023-04-02 22:54:25.326071 - Found @SAFV.bin containing application/octet-stream, moved to PDS/@SAFV
2023-04-02 22:54:25.327145 - Found @SAFW.bin containing application/octet-stream, moved to PDS/@SAFW
2023-04-02 22:54:25.328209 - Found @SCA.bin containing application/octet-stream, moved to PDS/@SCA
2023-04-02 22:54:25.329272 - Found @SCB.bin containing application/octet-stream, moved to PDS/@SCB
2023-04-02 22:54:25.330336 - Found @SCBX.bin containing application/octet-stream, moved to PDS/@SCBX
2023-04-02 22:54:25.331312 - Found @SCCB.bin containing application/octet-stream, moved to PDS/@SCCB
2023-04-02 22:54:25.332265 - Found @SCCBCP.bin containing application/octet-stream, moved to PDS/@SCCBCP
2023-04-02 22:54:25.333170 - Found @SCCBHSA.bin containing application/octet-stream, moved to PDS/@SCCBHSA
2023-04-02 22:54:25.334182 - Found @SCHIB.bin containing application/octet-stream, moved to PDS/@SCHIB
2023-04-02 22:54:25.335214 - Found @SCSRPLS.bin containing application/octet-stream, moved to PDS/@SCSRPLS
2023-04-02 22:54:25.336299 - Found @SCSRTCD.bin containing application/octet-stream, moved to PDS/@SCSRTCD
2023-04-02 22:54:25.337345 - Found @SCTXIN.bin containing application/octet-stream, moved to PDS/@SCTXIN
2023-04-02 22:54:25.338327 - Found @SCVTSEC.bin containing application/octet-stream, moved to PDS/@SCVTSEC
2023-04-02 22:54:25.339357 - Found @SDEPL.bin containing application/octet-stream, moved to PDS/@SDEPL
2023-04-02 22:54:25.340309 - Found @SDUMP.bin containing application/octet-stream, moved to PDS/@SDUMP
2023-04-02 22:54:25.341268 - Found @SDWA.bin containing application/octet-stream, moved to PDS/@SDWA
2023-04-02 22:54:25.342098 - Found @SDWANRC.bin containing application/octet-stream, moved to PDS/@SDWANRC
2023-04-02 22:54:25.342932 - Found @SDWAPTR.bin containing application/octet-stream, moved to PDS/@SDWAPTR
2023-04-02 22:54:25.344093 - Found @SDWARC1.bin containing application/octet-stream, moved to PDS/@SDWARC1
2023-04-02 22:54:25.344969 - Found @SDWARC2.bin containing application/octet-stream, moved to PDS/@SDWARC2
2023-04-02 22:54:25.345776 - Found @SDWARC3.bin containing application/octet-stream, moved to PDS/@SDWARC3
2023-04-02 22:54:25.346595 - Found @SEPL.bin containing application/octet-stream, moved to PDS/@SEPL
2023-04-02 22:54:25.347532 - Found @SHOW.bin containing application/octet-stream, moved to PDS/@SHOW
2023-04-02 22:54:25.348546 - Found @SHWASSO.bin containing application/octet-stream, moved to PDS/@SHWASSO
2023-04-02 22:54:25.349479 - Found @SHWOUT.bin containing application/octet-stream, moved to PDS/@SHWOUT
2023-04-02 22:54:25.350618 - Found @SHWPL.bin containing application/octet-stream, moved to PDS/@SHWPL
2023-04-02 22:54:25.351869 - Found @SIOT.bin containing application/octet-stream, moved to PDS/@SIOT
2023-04-02 22:54:25.352933 - Found @SJACP.bin containing application/octet-stream, moved to PDS/@SJACP
2023-04-02 22:54:25.353864 - Found @SJACRQT.bin containing application/octet-stream, moved to PDS/@SJACRQT
2023-04-02 22:54:25.354802 - Found @SJDLP.bin containing application/octet-stream, moved to PDS/@SJDLP
2023-04-02 22:54:25.356045 - Found @SJERP.bin containing application/octet-stream, moved to PDS/@SJERP
2023-04-02 22:54:25.357250 - Found @SJEXP.bin containing application/octet-stream, moved to PDS/@SJEXP
2023-04-02 22:54:25.358290 - Found @SJEXPCH.bin containing application/octet-stream, moved to PDS/@SJEXPCH
2023-04-02 22:54:25.359356 - Found @SJFNP.bin containing application/octet-stream, moved to PDS/@SJFNP
2023-04-02 22:54:25.360345 - Found @SJGEP.bin containing application/octet-stream, moved to PDS/@SJGEP
2023-04-02 22:54:25.361322 - Found @SJKLKEY.bin containing application/octet-stream, moved to PDS/@SJKLKEY
2023-04-02 22:54:25.362269 - Found @SJKLP.bin containing application/octet-stream, moved to PDS/@SJKLP
2023-04-02 22:54:25.363256 - Found @SJPRFX.bin containing application/octet-stream, moved to PDS/@SJPRFX
2023-04-02 22:54:25.364323 - Found @SJPUP.bin containing application/octet-stream, moved to PDS/@SJPUP
2023-04-02 22:54:25.365363 - Found @SJRELIS.bin containing application/octet-stream, moved to PDS/@SJRELIS
2023-04-02 22:54:25.366304 - Found @SJREP.bin containing application/octet-stream, moved to PDS/@SJREP
2023-04-02 22:54:25.367289 - Found @SJRSP.bin containing application/octet-stream, moved to PDS/@SJRSP
2023-04-02 22:54:25.368405 - Found @SJRUP.bin containing application/octet-stream, moved to PDS/@SJRUP
2023-04-02 22:54:25.369485 - Found @SJSCP.bin containing application/octet-stream, moved to PDS/@SJSCP
2023-04-02 22:54:25.370476 - Found @SJSMP.bin containing application/octet-stream, moved to PDS/@SJSMP
2023-04-02 22:54:25.371592 - Found @SJSMSBT.bin containing application/octet-stream, moved to PDS/@SJSMSBT
2023-04-02 22:54:25.372631 - Found @SJTRKEY.bin containing application/octet-stream, moved to PDS/@SJTRKEY
2023-04-02 22:54:25.373715 - Found @SJTRP.bin containing application/octet-stream, moved to PDS/@SJTRP
2023-04-02 22:54:25.374843 - Found @SJTRSBT.bin containing application/octet-stream, moved to PDS/@SJTRSBT
2023-04-02 22:54:25.376092 - Found @SJTSP.bin containing application/octet-stream, moved to PDS/@SJTSP
2023-04-02 22:54:25.377205 - Found @SJTSSBT.bin containing application/octet-stream, moved to PDS/@SJTSSBT
2023-04-02 22:54:25.378254 - Found @SJVEP.bin containing application/octet-stream, moved to PDS/@SJVEP
2023-04-02 22:54:25.379368 - Found @SJWRP.bin containing application/octet-stream, moved to PDS/@SJWRP
2023-04-02 22:54:25.380433 - Found @SLBLDSC.bin containing application/octet-stream, moved to PDS/@SLBLDSC
2023-04-02 22:54:25.381532 - Found @SMCABAS.bin containing application/octet-stream, moved to PDS/@SMCABAS
2023-04-02 22:54:25.382656 - Found @SMFRCD2.bin containing application/octet-stream, moved to PDS/@SMFRCD2
2023-04-02 22:54:25.383723 - Found @SMFRCD4.bin containing application/octet-stream, moved to PDS/@SMFRCD4
2023-04-02 22:54:25.384749 - Found @SMFRCD5.bin containing application/octet-stream, moved to PDS/@SMFRCD5
2023-04-02 22:54:25.385797 - Found @SMFTCT.bin containing application/octet-stream, moved to PDS/@SMFTCT
2023-04-02 22:54:25.386857 - Found @SNPPARM.bin containing application/octet-stream, moved to PDS/@SNPPARM
2023-04-02 22:54:25.387940 - Found @SPLAD.bin containing application/octet-stream, moved to PDS/@SPLAD
2023-04-02 22:54:25.388970 - Found @SPPARM.bin containing application/octet-stream, moved to PDS/@SPPARM
2023-04-02 22:54:25.390037 - Found @SPPMCOM.bin containing application/octet-stream, moved to PDS/@SPPMCOM
2023-04-02 22:54:25.391108 - Found @SPQA.bin containing application/octet-stream, moved to PDS/@SPQA
2023-04-02 22:54:25.392214 - Found @SPQE.bin containing application/octet-stream, moved to PDS/@SPQE
2023-04-02 22:54:25.393299 - Found @SPT.bin containing application/octet-stream, moved to PDS/@SPT
2023-04-02 22:54:25.394349 - Found @SQAT.bin containing application/octet-stream, moved to PDS/@SQAT
2023-04-02 22:54:25.395343 - Found @SRBSECT.bin containing application/octet-stream, moved to PDS/@SRBSECT
2023-04-02 22:54:25.396557 - Found @SRCD.bin containing application/octet-stream, moved to PDS/@SRCD
2023-04-02 22:54:25.397742 - Found @SSAGDMB.bin containing application/octet-stream, moved to PDS/@SSAGDMB
2023-04-02 22:54:25.398998 - Found @SSAGGMB.bin containing application/octet-stream, moved to PDS/@SSAGGMB
2023-04-02 22:54:25.400185 - Found @SSARB.bin containing application/octet-stream, moved to PDS/@SSARB
2023-04-02 22:54:25.401271 - Found @SSAT.bin containing application/octet-stream, moved to PDS/@SSAT
2023-04-02 22:54:25.402308 - Found @SSCT.bin containing application/octet-stream, moved to PDS/@SSCT
2023-04-02 22:54:25.403371 - Found @SSIB.bin containing application/octet-stream, moved to PDS/@SSIB
2023-04-02 22:54:25.404567 - Found @SSL.bin containing application/octet-stream, moved to PDS/@SSL
2023-04-02 22:54:25.405593 - Found @SSOB.bin containing application/octet-stream, moved to PDS/@SSOB
2023-04-02 22:54:25.406613 - Found @SSVT.bin containing application/octet-stream, moved to PDS/@SSVT
2023-04-02 22:54:25.407585 - Found @SSWA.bin containing application/octet-stream, moved to PDS/@SSWA
2023-04-02 22:54:25.408623 - Found @SSWAIFL.bin containing application/octet-stream, moved to PDS/@SSWAIFL
2023-04-02 22:54:25.409603 - Found @STAEPAR.bin containing application/octet-stream, moved to PDS/@STAEPAR
2023-04-02 22:54:25.410624 - Found @STAEWOR.bin containing application/octet-stream, moved to PDS/@STAEWOR
2023-04-02 22:54:25.411693 - Found @STCB.bin containing application/octet-stream, moved to PDS/@STCB
2023-04-02 22:54:25.412806 - Found @STKH.bin containing application/octet-stream, moved to PDS/@STKH
2023-04-02 22:54:25.413852 - Found @STPB.bin containing application/octet-stream, moved to PDS/@STPB
2023-04-02 22:54:25.414883 - Found @STPL.bin containing application/octet-stream, moved to PDS/@STPL
2023-04-02 22:54:25.416002 - Found @STRTDCM.bin containing application/octet-stream, moved to PDS/@STRTDCM
2023-04-02 22:54:25.417133 - Found @STRTDSC.bin containing application/octet-stream, moved to PDS/@STRTDSC
2023-04-02 22:54:25.418168 - Found @SVCENTR.bin containing application/octet-stream, moved to PDS/@SVCENTR
2023-04-02 22:54:25.419177 - Found @SVT.bin containing application/octet-stream, moved to PDS/@SVT
2023-04-02 22:54:25.420329 - Found @SWB.bin containing application/octet-stream, moved to PDS/@SWB
2023-04-02 22:54:25.421407 - Found @S99RB.bin containing application/octet-stream, moved to PDS/@S99RB
2023-04-02 22:54:25.422546 - Found @S99RBP.bin containing application/octet-stream, moved to PDS/@S99RBP
2023-04-02 22:54:25.423508 - Found @S99RBX.bin containing application/octet-stream, moved to PDS/@S99RBX
2023-04-02 22:54:25.424659 - Found @S99TUFL.bin containing application/octet-stream, moved to PDS/@S99TUFL
2023-04-02 22:54:25.425756 - Found @S99TUNI.bin containing application/octet-stream, moved to PDS/@S99TUNI
2023-04-02 22:54:25.426899 - Found @S99TUPL.bin containing application/octet-stream, moved to PDS/@S99TUPL
2023-04-02 22:54:25.427898 - Found @TAIE.bin containing application/octet-stream, moved to PDS/@TAIE
2023-04-02 22:54:25.428959 - Found @TAXE.bin containing application/octet-stream, moved to PDS/@TAXE
2023-04-02 22:54:25.430083 - Found @TCAST.bin containing application/octet-stream, moved to PDS/@TCAST
2023-04-02 22:54:25.431165 - Found @TCB.bin containing application/octet-stream, moved to PDS/@TCB
2023-04-02 22:54:25.432382 - Found @TCBFIX.bin containing application/octet-stream, moved to PDS/@TCBFIX
2023-04-02 22:54:25.433454 - Found @TCBXTNT.bin containing application/octet-stream, moved to PDS/@TCBXTNT
2023-04-02 22:54:25.434622 - Found @TERMDSC.bin containing application/octet-stream, moved to PDS/@TERMDSC
2023-04-02 22:54:25.435959 - Found @TEST.bin containing application/octet-stream, moved to PDS/@TEST
2023-04-02 22:54:25.436989 - Found @TEXT.bin containing application/octet-stream, moved to PDS/@TEXT
2023-04-02 22:54:25.438073 - Found @TIOCRPT.bin containing application/octet-stream, moved to PDS/@TIOCRPT
2023-04-02 22:54:25.439189 - Found @TIOENTR.bin containing application/octet-stream, moved to PDS/@TIOENTR
2023-04-02 22:54:25.440293 - Found @TIOT.bin containing application/octet-stream, moved to PDS/@TIOT
2023-04-02 22:54:25.441324 - Found @TMPPARM.bin containing application/octet-stream, moved to PDS/@TMPPARM
2023-04-02 22:54:25.442399 - Found @TOKEN.bin containing application/octet-stream, moved to PDS/@TOKEN
2023-04-02 22:54:25.443458 - Found @TPC.bin containing application/octet-stream, moved to PDS/@TPC
2023-04-02 22:54:25.444548 - Found @TPL.bin containing application/octet-stream, moved to PDS/@TPL
2023-04-02 22:54:25.445543 - Found @TPLE.bin containing application/octet-stream, moved to PDS/@TPLE
2023-04-02 22:54:25.446689 - Found @TQE.bin containing application/octet-stream, moved to PDS/@TQE
2023-04-02 22:54:25.447600 - Found @TRBP.bin containing application/octet-stream, moved to PDS/@TRBP
2023-04-02 22:54:25.448665 - Found @TROB.bin containing application/octet-stream, moved to PDS/@TROB
2023-04-02 22:54:25.449588 - Found @TRVT.bin containing application/octet-stream, moved to PDS/@TRVT
2023-04-02 22:54:25.450738 - Found @TSB.bin containing application/octet-stream, moved to PDS/@TSB
2023-04-02 22:54:25.451958 - Found @TSBX.bin containing application/octet-stream, moved to PDS/@TSBX
2023-04-02 22:54:25.453040 - Found @TSP.bin containing application/octet-stream, moved to PDS/@TSP
2023-04-02 22:54:25.454042 - Found @TSVT.bin containing application/octet-stream, moved to PDS/@TSVT
2023-04-02 22:54:25.455001 - Found @TTE.bin containing application/octet-stream, moved to PDS/@TTE
2023-04-02 22:54:25.455991 - Found @TUX.bin containing application/octet-stream, moved to PDS/@TUX
2023-04-02 22:54:25.456887 - Found @TVWA.bin containing application/octet-stream, moved to PDS/@TVWA
2023-04-02 22:54:25.457797 - Found @UCA.bin containing application/octet-stream, moved to PDS/@UCA
2023-04-02 22:54:25.458711 - Found @UCM.bin containing application/octet-stream, moved to PDS/@UCM
2023-04-02 22:54:25.459737 - Found @UCMEFEX.bin containing application/octet-stream, moved to PDS/@UCMEFEX
2023-04-02 22:54:25.460740 - Found @UCMEIL.bin containing application/octet-stream, moved to PDS/@UCMEIL
2023-04-02 22:54:25.461868 - Found @UCMEPEX.bin containing application/octet-stream, moved to PDS/@UCMEPEX
2023-04-02 22:54:25.462879 - Found @UCMEXIT.bin containing application/octet-stream, moved to PDS/@UCMEXIT
2023-04-02 22:54:25.463982 - Found @UCMFEXT.bin containing application/octet-stream, moved to PDS/@UCMFEXT
2023-04-02 22:54:25.464891 - Found @UCMFSAV.bin containing application/octet-stream, moved to PDS/@UCMFSAV
2023-04-02 22:54:25.465824 - Found @UCMLIST.bin containing application/octet-stream, moved to PDS/@UCMLIST
2023-04-02 22:54:25.466824 - Found @UCMPEXT.bin containing application/octet-stream, moved to PDS/@UCMPEXT
2023-04-02 22:54:25.468010 - Found @UCMPRFX.bin containing application/octet-stream, moved to PDS/@UCMPRFX
2023-04-02 22:54:25.469062 - Found @UCM2EXT.bin containing application/octet-stream, moved to PDS/@UCM2EXT
2023-04-02 22:54:25.470364 - Found @UPT.bin containing application/octet-stream, moved to PDS/@UPT
2023-04-02 22:54:25.471365 - Found @USRDAT.bin containing application/octet-stream, moved to PDS/@USRDAT
2023-04-02 22:54:25.472350 - Found @UXOFLTB.bin containing application/octet-stream, moved to PDS/@UXOFLTB
2023-04-02 22:54:25.473252 - Found @UXPARMA.bin containing application/octet-stream, moved to PDS/@UXPARMA
2023-04-02 22:54:25.474083 - Found @UXPARMB.bin containing application/octet-stream, moved to PDS/@UXPARMB
2023-04-02 22:54:25.474915 - Found @UXPARMC.bin containing application/octet-stream, moved to PDS/@UXPARMC
2023-04-02 22:54:25.475920 - Found @UXPARMD.bin containing application/octet-stream, moved to PDS/@UXPARMD
2023-04-02 22:54:25.476832 - Found @UXVOLTB.bin containing application/octet-stream, moved to PDS/@UXVOLTB
2023-04-02 22:54:25.477728 - Found @UX001PR.bin containing application/octet-stream, moved to PDS/@UX001PR
2023-04-02 22:54:25.478618 - Found @UX002PR.bin containing application/octet-stream, moved to PDS/@UX002PR
2023-04-02 22:54:25.479562 - Found @VAT.bin containing application/octet-stream, moved to PDS/@VAT
2023-04-02 22:54:25.480503 - Found @VATENTR.bin containing application/octet-stream, moved to PDS/@VATENTR
2023-04-02 22:54:25.481406 - Found @VEPL.bin containing application/octet-stream, moved to PDS/@VEPL
2023-04-02 22:54:25.482329 - Found @VFPM.bin containing application/octet-stream, moved to PDS/@VFPM
2023-04-02 22:54:25.483248 - Found @VFPMLAS.bin containing application/octet-stream, moved to PDS/@VFPMLAS
2023-04-02 22:54:25.484471 - Found @VIER.bin containing application/octet-stream, moved to PDS/@VIER
2023-04-02 22:54:25.485371 - Found @VIMAP.bin containing application/octet-stream, moved to PDS/@VIMAP
2023-04-02 22:54:25.486262 - Found @VIMSUMA.bin containing application/octet-stream, moved to PDS/@VIMSUMA
2023-04-02 22:54:25.487164 - Found @VIMVRF.bin containing application/octet-stream, moved to PDS/@VIMVRF
2023-04-02 22:54:25.488290 - Found @VOLTABL.bin containing application/octet-stream, moved to PDS/@VOLTABL
2023-04-02 22:54:25.489272 - Found @VRAMAP.bin containing application/octet-stream, moved to PDS/@VRAMAP
2023-04-02 22:54:25.490185 - Found @VSL.bin containing application/octet-stream, moved to PDS/@VSL
2023-04-02 22:54:25.491092 - Found @VSMD.bin containing application/octet-stream, moved to PDS/@VSMD
2023-04-02 22:54:25.492140 - Found @VSSA.bin containing application/octet-stream, moved to PDS/@VSSA
2023-04-02 22:54:25.493094 - Found @VTSPL.bin containing application/octet-stream, moved to PDS/@VTSPL
2023-04-02 22:54:25.494004 - Found @VXEKEY.bin containing application/octet-stream, moved to PDS/@VXEKEY
2023-04-02 22:54:25.494902 - Found @VXENT.bin containing application/octet-stream, moved to PDS/@VXENT
2023-04-02 22:54:25.495949 - Found @VXSEC.bin containing application/octet-stream, moved to PDS/@VXSEC
2023-04-02 22:54:25.496963 - Found @WK200.bin containing application/octet-stream, moved to PDS/@WK200
2023-04-02 22:54:25.497893 - Found @WPLRF.bin containing application/octet-stream, moved to PDS/@WPLRF
2023-04-02 22:54:25.498839 - Found @WPRB.bin containing application/octet-stream, moved to PDS/@WPRB
2023-04-02 22:54:25.499772 - Found @WQE.bin containing application/octet-stream, moved to PDS/@WQE
2023-04-02 22:54:25.500696 - Found @WSAL.bin containing application/octet-stream, moved to PDS/@WSAL
2023-04-02 22:54:25.501603 - Found @WSMA.bin containing application/octet-stream, moved to PDS/@WSMA
2023-04-02 22:54:25.502709 - Found @XBCHP.bin containing application/octet-stream, moved to PDS/@XBCHP
2023-04-02 22:54:25.503815 - Found @XSB.bin containing application/octet-stream, moved to PDS/@XSB
2023-04-02 22:54:25.505050 - Found @XTLST.bin containing application/octet-stream, moved to PDS/@XTLST
2023-04-02 22:54:25.506218 - Found @ZB502.bin containing application/octet-stream, moved to PDS/@ZB502
2023-04-02 22:54:25.507301 - Found @ZB505.bin containing application/octet-stream, moved to PDS/@ZB505
2023-04-02 22:54:25.508329 - Found @ZB506.bin containing application/octet-stream, moved to PDS/@ZB506
2023-04-02 22:54:25.510214 - No @FILExxx or @FILxxxx detected, creating README.md without extra info
